<?xml version="1.0" encoding="UTF-8"?>
<!-- Generated by org.testng.reporters.JUnitReportReporter -->
<testsuite skipped="0" hostname="SuvelaK" name="Asssignment.flipkart.IphoneData" tests="2" failures="0" timestamp="2020-09-14T09:05:12 IST" time="22.390" errors="0">
  <testcase name="getResult" time="18.087" classname="Asssignment.flipkart.IphoneData"/>
  <system-out/>
  <testcase name="getData" time="4.303" classname="Asssignment.flipkart.IphoneData"/>
  <system-out/>
</testsuite> <!-- Asssignment.flipkart.IphoneData -->
